0 info it worked if it ends with ok
1 verbose cli [ '/usr/local/Cellar/node/5.5.0/bin/node',
1 verbose cli   '/usr/local/bin/npm',
1 verbose cli   'run',
1 verbose cli   'serve:dev' ]
2 info using npm@3.7.2
3 info using node@v5.5.0
4 verbose run-script [ 'preserve:dev', 'serve:dev', 'postserve:dev' ]
5 info lifecycle cal-client@0.1.0~preserve:dev: cal-client@0.1.0
6 silly lifecycle cal-client@0.1.0~preserve:dev: no script for preserve:dev, continuing
7 info lifecycle cal-client@0.1.0~serve:dev: cal-client@0.1.0
8 verbose lifecycle cal-client@0.1.0~serve:dev: unsafe-perm in lifecycle true
9 verbose lifecycle cal-client@0.1.0~serve:dev: PATH: /usr/local/lib/node_modules/npm/bin/node-gyp-bin:/Users/brundon/git/cal-client/node_modules/.bin:/usr/local/Cellar/node/5.5.0/bin:/Users/brundon/android-sdk/tools:/Library/Frameworks/Python.framework/Versions/3.4/bin:/Users/brundon/bin:/usr/bin:/bin:/usr/sbin:/sbin:/usr/local/bin
10 verbose lifecycle cal-client@0.1.0~serve:dev: CWD: /Users/brundon/git/cal-client
11 silly lifecycle cal-client@0.1.0~serve:dev: Args: [ '-c', 'parallelshell "npm run watch" "npm run serve"' ]
12 silly lifecycle cal-client@0.1.0~serve:dev: Returned: code: 1  signal: null
13 info lifecycle cal-client@0.1.0~serve:dev: Failed to exec serve:dev script
14 verbose stack Error: cal-client@0.1.0 serve:dev: `parallelshell "npm run watch" "npm run serve"`
14 verbose stack Exit status 1
14 verbose stack     at EventEmitter.<anonymous> (/usr/local/lib/node_modules/npm/lib/utils/lifecycle.js:239:16)
14 verbose stack     at emitTwo (events.js:100:13)
14 verbose stack     at EventEmitter.emit (events.js:185:7)
14 verbose stack     at ChildProcess.<anonymous> (/usr/local/lib/node_modules/npm/lib/utils/spawn.js:24:14)
14 verbose stack     at emitTwo (events.js:100:13)
14 verbose stack     at ChildProcess.emit (events.js:185:7)
14 verbose stack     at maybeClose (internal/child_process.js:821:16)
14 verbose stack     at Process.ChildProcess._handle.onexit (internal/child_process.js:211:5)
15 verbose pkgid cal-client@0.1.0
16 verbose cwd /Users/brundon/git/cal-client
17 error Darwin 16.5.0
18 error argv "/usr/local/Cellar/node/5.5.0/bin/node" "/usr/local/bin/npm" "run" "serve:dev"
19 error node v5.5.0
20 error npm  v3.7.2
21 error code ELIFECYCLE
22 error cal-client@0.1.0 serve:dev: `parallelshell "npm run watch" "npm run serve"`
22 error Exit status 1
23 error Failed at the cal-client@0.1.0 serve:dev script 'parallelshell "npm run watch" "npm run serve"'.
23 error Make sure you have the latest version of node.js and npm installed.
23 error If you do, this is most likely a problem with the cal-client package,
23 error not with npm itself.
23 error Tell the author that this fails on your system:
23 error     parallelshell "npm run watch" "npm run serve"
23 error You can get information on how to open an issue for this project with:
23 error     npm bugs cal-client
23 error Or if that isn't available, you can get their info via:
23 error     npm owner ls cal-client
23 error There is likely additional logging output above.
24 verbose exit [ 1, true ]
